Dangerous Type - (Farfisa bottom - synth on top)
(A Ab D Ab Db B Ab B) E B
Am F G D, A F G D E/C
Kbd Hold - Hi A 


Hold the Line - Piano
F#m/E - Bm  C#m  F#m,  Bm  C#m  D  E
Am/G  - Dm  Em   Am,   Dm  Em   F  G
Em/D  - Am  Bm   Em,   Am  Bm   C  D


Every Breath - Bb (Rhodes)
see sheet music


Drivers License - (Piano) Bb - intro Bb note 1/2 5x
Bb Gm Eb [Eb Bb], Gm F Bb Dm Eb, Eb F Bb
Gm Eb Bb F, Eb F Gm


Cough Syrup - Hammond
start: quarter notes, continue: eighth notes
one hand
E B A, C#m B A


Free Falling - D G A (Piano)


I Wanna Know What Love Is - Bm - (Rhodes)
    -- see sheet music

    
The Weight - D (Piano)
D F#m G, D A G, D A Bm A G


Never Gonna Give you Up (DX7)
C D Bm Em - C D - C D Em 
(learn lick)


===============================================

Don't You Forget - D (String)
in on 3rd measure
C D C F/Dm Bb, 
D C G C
solo: Bb F C G


Dreams - (Rhodes)
G A, Bm A A G


Take it Easy - E (Mellow GP)
E A B - C#m A - F#m A C#m B - A B


Take My Breath Away - F - (Rhodes)
    -- see sheet music


Ramble on Rose - (Piano) E
E F# G#m A E A B
E A F# A E B
C#m D C#m D A, C#m D E B C#m F# B


Bette Davis Eyes - G - (Wurli)
    -- see sheet music


Save Your Tears - (Strings) G
in on 3rd measure - hold the G
G Em Bm D, Am Em C D : lick D C B C B


Brandy - D (Wurly)
Bm A G, D A G D Bm A
D F#m Em Bm Em Bm C G [G D]


The One I Love - C (Wurli)
Dm C, F C F Bb, solo: Dm C Dm Bb


