Brandy - D
Bm A G, D A G D Bm A
D F#m Em Bm Em Bm C G [G D]

Free Falling - D G A

The Weight - D
D F#m G, D A G, D A Bm A G

Hipster Beard - D
D A G D, Bm A G D E A, D G D G A D

Don't You Forget - D
C D C D Bb, D C G C, Bb F C G

Every Breath - C
C Am F G Am, F C D G, Ab Bb

The One I Love - Eb ???
Eb Bb F#m 

Drivers License - Bb
Bb Gm Eb [Eb Bb], Gm F Bb Dm Eb, Eb F Bb
Gm Eb Bb F, Eb F Gm

Brown Eyed Women - Bb
Gm Bb Eb Bb, Gm Bb F -> Eb, Gm Bb Eb Bb
F Eb Bb F -> Eb Bb, Gm Cm Eb Bg
Fm Eb Bb, Gm F Eb Bb Eb

All My Lovin - C
Dm G7 C Am, F Dm Bb G7 [F G7 C], Am C, F C G C

Save Your Tears - G
G Em Bm D, Am Em C D

Cough Syrup - Eb Bb Ab, C Bb Ab

Dreams - Ab Bb, Cm Bb Bb Ab

Ramble on Rose - Eb
Eb F Gm Ab Eb Ab Bb
Eb Ab F Ab Eb Bb
Cm Db Cm Db Ab, Cm Db Eb Bb Cm F Bb

Take it Easy - Eb


