All My Lovin - C
Dm G7 C Am, F Dm Bb G7 [F G7 C], Am C, F C G C

Brandy - D (Rhodes)
Bm A G, D A G D Bm A
D F#m Em Bm Em Bm C G [G D]

Brown Eyed Women - Bb (Piano)
Gm Bb Eb Bb, Gm Bb F -> Eb, Gm Bb Eb Bb
F Eb Bb F -> Eb Bb, Gm Cm Eb Bg
Fm Eb Bb, Gm F Eb Bb Eb

Cough Syrup - E B A, C#m B A

Dangerous Type
(A Ab D Ab Db B Ab B) E B
Am F G D, A F G D E/C
Kbd Hold - Hi A 

Dreams - A B, C#m B B A

Free Falling - D G A

Hipster Beard - D
D A G D, Bm A G D E A, D G D G A D

Hold the Line - intro F#m B/D E
Bm C#m F#m, Bm C#m D E

Don't You Forget - D (String)
C D C D Bb, D C G C, Bb F C G

Drivers License - Bb
Bb Gm Eb [Eb Bb], Gm F Bb Dm Eb, Eb F Bb
Gm Eb Bb F, Eb F Gm

Every Breath - C
C Am F G Am, C -> F G C D G, Ab Bb, end: C Am F

Never Gonna Give you Up
B C# - B C# Bbm Ebm B C#

The One I Love - C (Piano or Organ)
Dm C, F C Gm Bb, solo: F C F Bb

Ramble on Rose - E
E F# G#m A E A B
E A F# A E B
C#m D C#m D A, C#m D E B C#m F# B

Ride On
Intro C F (4x)
C-F C-F F-Bb F-Bb
G-C Bb-F
C-F C-F
F F# G
C-F (6x) -> verse
Ride On
F-C C-G F-C
Bb-F F-C C-G F
Solo: C F (4x) F Bb (2x) C F (2x) (repeat)

Save Your Tears - G
G Em Bm D, Am Em C D

Take it Easy - E (Piano)
E A B - C#m A - F#m A C#m B - A B

The Weight - D
D F#m G, D A G, D A Bm A G


