Hold the Line - Piano
F#m/E - Bm  C#m  F#m,  Bm  C#m  D  E
Am/G  - Dm  Em   Am,   Dm  Em   F  G
Em/D  - Am  Bm   Em,   Am  Bm   C  D



Every Breath - Bb (Rhodes)
Intro:  Bb  Gm  Eb  F  Bb
Verse:  Bb  Gm  Eb  F  Gm  Bb  Gm  Eb  F  Bb
PreCh:  Eb  Bb  C  F
verse2: Bb  Gm  Eb  F  Gm
bridge: Gb  Ab  Gb  Ab  Gb  Bb
Break:  Bb  Gm  Eb  F  Gm  - Bb  Gm  Eb  F  Bb
prech:  Eb  Bb  C  F
verse3: Bb  Gm  Eb  F  Gm  Eb  Gm  Gm  Gm  Gm
outro:  Bb  Bb  Gm  Eb (8x)


Free Falling - D G A (Piano)



I Wanna Know What Love Is - Bm - (Rhodes)
Intro: Bm A D G Bm
Bm A D G :|||   Em A (3x)  Em G D Em G
D  A  Am  A  :|||



Never Gonna Give you Up (DX7)
C D Bm Em - C D - C D Em 
(learn lick)



Don't You Forget - D (String)
in on 3rd measure
C D C F/Dm Bb, 
D C G C
solo: Bb F C G



Take My Breath Away - F - (Rhodes)
    -- see sheet music


The Weight - D (Piano)
D F#m G, D A G, D A Bm A G



Take it Easy - E (Mellow GP)
E A B - C#m A - F#m A C#m B - A B



Bette Davis Eyes - G - (Wurli)
    -- see sheet music



Brandy - D (Wurly)
Bm A G, D A G D Bm A
D F#m Em Bm Em Bm C G [G D]
    


The One I Love - C (Wurli)
Dm C, F C F Bb, solo: Dm C Dm Bb



They Love Eachother - Piano
G  C
F  C  G
Bm C Em A - D A D (3x)



=================================================


Time After Time
i: F G Em G
v: F C -> F G Em F G (back) / Em
c: G Am7 F G C





Deeper Than the Holler
F  Bb  F  Bb
Gm  Am  Bb  Am  Gm  C
F  Bb  F  Bb
Dm  Gm  Bb  C
F  Bb  F  F/E  Dm  Gm  Bb  Gm  C
F  Dm  Gm  C
end: Dm  Gm  C  F


D  G  D  C
Em  F#m  G  F#m  Em  A
D  G  D  G
Bm  Em  G  A
D  G  D  D/C#  Bm Em F#m  G  Em  A
D  Bm Em  A
end:  Bm  Em  A  D




Write This Down
Ab  Bb  Db  Eb
Cm  Eb  Db  Eb  (Fm ?)


D  G  A  D  G  D
A  C  D  G
ch:  D  G






Amarillo
D  F#m  G  D
D  F#m  G  A
G+7  A  D  F#m  G
D  A  G  A  D
Inst: D  F#m  G  A




Three Wooden Crosses
C#  Bbm  F#  C#  G#  C#
Bbm  F#  G#  C#
Pre Ch: Ebm  G# (2x)
C#  C#/C  Bbm  Bbm/Ab
F#  C#  G#
C#  Bbm  F#  G#  C#


C  Am  F  C  G  C
Am  F  G  C
Pre ch: Dm (or F) G Dm (or F)  G
Ch: C  C/B  Am  Am/G
F  C  G
C  Am  F  G  C




Dangerous Type - (Farfisa bottom - synth on top)
(A Ab D Ab Db B Ab B) E B
Am F G D, A F G D E/C
Kbd Hold - Hi A 


Drivers License - (Piano) Bb
start: quarter notes, continue: eighth notes
Bb Gm Eb [Eb Bb], Gm F Bb Dm Eb, Eb F Bb
Gm Eb Bb F, Eb F Gm


Cough Syrup - Hammond
one hand
E B A, C#m B A


Dreams - (Rhodes)
G A, Bm A A G


Ramble on Rose - (Piano) E
E F# G#m A E A B
E A F# A E B
C#m D C#m D A, C#m D E B C#m F# B



Save Your Tears - (Strings) G
in on 3rd measure - hold the G
G Em Bm D, Am Em C D : lick D C B C B





