

kd -z <dump file>

22ww02.3_Athos_DRIVER_POWER_STATE_FAILURE_(9f)
22ww02.3_Zaca_INTERNAL_POWER_ERROR_(a0)
22ww03.1_Zuma_IRQL_NOT_LESS_OR_EQUAL_(a)
22ww03.1_Zuma_KERNEL_SECURITY_CHECK_FAILURE_(139)
22ww03.2_Athos_INTERRUPT_EXCEPTION_NOT_HANDLED_(3d)
22ww03.4_Zuma_SYSTEM_SERVICE_EXCEPTION_(3b)
22ww06.1_Zaca_PHM_BSOD
22ww1.2_Lucca_GFX_TDR_VIDEO_ENGINE_TIMEOUT_DETECTED_(141)_PR9-GFX_1245
22ww10.1_Cruz_KERNEL_MODE_HEAP_CORRUPTION_(13a)
22ww11.1_Haven_DRIVER_POWER_STATE_FAILURE_(9f)
22ww11.3_Indra_DPC_WATCHDOG_VIOLATION_(133)
22ww11.3_Indra_LKR_CONNECTED_STANDBY_WATCHDOG_TIMEOUT_LIVEDUMP_(15f)
22ww11.3_Zaca_LKR_BUGCODE_NDIS_DRIVER_LIVE_DUMP_(15e)
22ww11.3_Zaca_LKR_WHEA_UNCORRECTABLE_ERROR_(124)
22ww11.3_Zaca_LKR_WIN32K_CRITICAL_FAILURE_(164)
22ww11.4_Zaca_DPC_WATCHDOG_VIOLATION_(133)
22ww11.4_Zaca_VIDEO_ENGINE_TIMEOUT_DETECTED_(141)
22ww11.5_Zaca_DRIVER_POWER_STATE_FAILURE_(9f)
22ww12.1_Chehalis_VIDEO_SCHEDULER_INTERNAL_ERROR_(119)
22ww12.1_Indra_LKR_WHEA_UNCORRECTABLE_ERROR_(124)
22ww12.1_Zaca_LKR_BUGCODE_NDIS_DRIVER_LIVE_DUMP_(15e)
22ww12.5_Indra_LKR_BLUETOOTH_ERROR_RECOVERY_LIVEDUMP
22ww13.4_Zaca_DPC_WATCHDOG_VIOLATION_(133)
22ww13.5_Indra_LKR_UCMUCSI_LIVEDUMP_(1d4)
22ww14.1_Indra_LKR_VIDEO_ENGINE_TIMEOUT_DETECTED_(141)
22ww14.5_Chehalis_DPC_WATCHDOG_VIOLATION_(133)
22ww14.5_Chehalis_VIDEO_SCHEDULER_INTERNAL_ERROR_(119)
22ww2.3_Zaca_INTERRUPT_EXCEPTION_NOT_HANDLED_(3d)
22ww2.4_Zaca_21ww50_SAM_Fail_to_resume_from_CS
22ww3.2_Zuma_KERNEL_SECURITY_CHECK_FAILURE_(139)
22ww3.2_Zuma_SYSTEM_THREAD_EXCEPTION_NOT_HANDLED_(7e)
22ww3.3_Athos_DRIVER_POWER_STATE_FAILURE_(9f)
22ww3.3_Athos_INTERRUPT_EXCEPTION_NOT_HANDLED_(3d)
22ww3.3_Athos_VIDEO_TDR_TIMEOUT_DETECTED_(117)
22ww3.5_Athos_VIDEO_TDR_TIMEOUT_DETECTED_(117)
22ww4.3_Athos_PAGE_FAULT_IN_NONPAGED_AREA_(50)
22ww4.4_Athos_LKR_VIDEO_ENGINE_TIMEOUT_DETECTED_(141)
22ww4.4_Zaca_INTERNAL_POWER_ERROR_(a0)
22ww4.5_Athos_PAGE_FAULT_IN_NONPAGED_AREA_(50)
22ww5.2_Athos_LKR_VIDEO_ENGINE_TIMEOUT_DETECTED_(141)
22ww5.2_Athos_LKR_VIDEO_TDR_TIMEOUT_DETECTED_(117)
22ww5.2_Zariah_DRIVER_POWER_STATE_FAILURE_(9f)
22ww6.1_Athos_IRQL_NOT_LESS_OR_EQUAL_(a)
22ww6.1_Athos_LKR_VIDEO_TDR_TIMEOUT_DETECTED_(117)
22ww6.2_Zaca_CLOCK_WATCHDOG_TIMEOUT_(101)
22ww6.4_Indra_LKR_VIDEO_ENGINE_TIMEOUT_DETECTED_(141)
22ww6.5_Athos_LKR_VIDEO_TDR_TIMEOUT_DETECTED_(117)
22ww7.1_Lucca_INTERNAL_POWER_ERROR_(a0)
22ww7.5_Zaca_LKR_VIDEO_ENGINE_TIMEOUT_DETECTED_(141)
22ww7.5_Zaca_LKR_VIDEO_TDR_TIMEOUT_DETECTED_(117)
22ww8.1_Zaca_LKR_VIDEO_ENGINE_TIMEOUT_DETECTED_(141)
22ww8.1_Zaca_LKR_VIDEO_TDR_TIMEOUT_DETECTED_(117)
22ww8.3_Cruz_DRIVER_POWER_STATE_FAILURE_(9f)
22ww9.2_Cayucos_INTERNAL_POWER_ERROR_(a0)
22ww9.2_Cayucos_MANUALLY_INITIATED_POWER_BUTTON_HOLD_(1c8)
22ww9.2_Cayucos_VIDEO_TDR_FAILURE_(116)
22ww9.2_Lucca_DRIVER_POWER_STATE_FAILURE_(9f)
22ww9.2_Lucca_INTERNAL_POWER_ERROR_(a0)
22ww9.2_Lucca_LKR_EXRESOURCE_TIMEOUT_LIVEDUMP_(1cc)
22ww9.2_Lucca_LKR_WIN32K_CALLOUT_WATCHDOG_LIVEDUMP_(1a1)
22ww9.2_Lucca_MANUALLY_INITIATED_POWER_BUTTON_HOLD_(1c8)
22ww9.5_Kingsburg_DRIVER_POWER_STATE_FAILURE_(9f)


PS X:\> ls 22w16*

