head: 0, tail: 0
FIFO empty
head: 24, tail: 0
H ==> FIFO[24] = 0
      FIFO[25] = 0
      FIFO[26] = 0
      FIFO[27] = 0
      FIFO[28] = 0
      FIFO[29] = 0
      FIFO[30] = 0
      FIFO[31] = 0
      FIFO[00] = 42 <== T
      FIFO[01] = 43
      FIFO[02] = 44
      FIFO[03] = 45
      FIFO[04] = 46
      FIFO[05] = 47
      FIFO[06] = 48
      FIFO[07] = 49
      FIFO[08] = 50
      FIFO[09] = 51
      FIFO[10] = 52
      FIFO[11] = 53
      FIFO[12] = 54
      FIFO[13] = 55
      FIFO[14] = 56
      FIFO[15] = 57
      FIFO[16] = 58
      FIFO[17] = 59
      FIFO[18] = 60
      FIFO[19] = 61
      FIFO[20] = 62
      FIFO[21] = 63
      FIFO[22] = 64
      FIFO[23] = 65
x: 42
head: 24, tail: 1
H ==> FIFO[24] = 0
      FIFO[25] = 0
      FIFO[26] = 0
      FIFO[27] = 0
      FIFO[28] = 0
      FIFO[29] = 0
      FIFO[30] = 0
      FIFO[31] = 0
      FIFO[00] = 42
      FIFO[01] = 43 <== T
      FIFO[02] = 44
      FIFO[03] = 45
      FIFO[04] = 46
      FIFO[05] = 47
      FIFO[06] = 48
      FIFO[07] = 49
      FIFO[08] = 50
      FIFO[09] = 51
      FIFO[10] = 52
      FIFO[11] = 53
      FIFO[12] = 54
      FIFO[13] = 55
      FIFO[14] = 56
      FIFO[15] = 57
      FIFO[16] = 58
      FIFO[17] = 59
      FIFO[18] = 60
      FIFO[19] = 61
      FIFO[20] = 62
      FIFO[21] = 63
      FIFO[22] = 64
      FIFO[23] = 65
head: 16, tail: 1
H ==> FIFO[16] = 58
      FIFO[17] = 59
      FIFO[18] = 60
      FIFO[19] = 61
      FIFO[20] = 62
      FIFO[21] = 63
      FIFO[22] = 64
      FIFO[23] = 65
      FIFO[24] = 72
      FIFO[25] = 73
      FIFO[26] = 74
      FIFO[27] = 75
      FIFO[28] = 76
      FIFO[29] = 77
      FIFO[30] = 78
      FIFO[31] = 79
      FIFO[00] = 80
      FIFO[01] = 81 <== T
      FIFO[02] = 82
      FIFO[03] = 83
      FIFO[04] = 84
      FIFO[05] = 85
      FIFO[06] = 86
      FIFO[07] = 87
      FIFO[08] = 88
      FIFO[09] = 89
      FIFO[10] = 90
      FIFO[11] = 91
      FIFO[12] = 92
      FIFO[13] = 93
      FIFO[14] = 94
      FIFO[15] = 95
x: 81
head: 16, tail: 2
H ==> FIFO[16] = 58
      FIFO[17] = 59
      FIFO[18] = 60
      FIFO[19] = 61
      FIFO[20] = 62
      FIFO[21] = 63
      FIFO[22] = 64
      FIFO[23] = 65
      FIFO[24] = 72
      FIFO[25] = 73
      FIFO[26] = 74
      FIFO[27] = 75
      FIFO[28] = 76
      FIFO[29] = 77
      FIFO[30] = 78
      FIFO[31] = 79
      FIFO[00] = 80
      FIFO[01] = 81
      FIFO[02] = 82 <== T
      FIFO[03] = 83
      FIFO[04] = 84
      FIFO[05] = 85
      FIFO[06] = 86
      FIFO[07] = 87
      FIFO[08] = 88
      FIFO[09] = 89
      FIFO[10] = 90
      FIFO[11] = 91
      FIFO[12] = 92
      FIFO[13] = 93
      FIFO[14] = 94
      FIFO[15] = 95
